<?xml version="1.0" encoding="UTF-8"?>
<!-- Generated by org.testng.reporters.JUnitReportReporter -->
<testsuite skipped="0" hostname="Kamilias-MacBook-Pro.local" name="com.tests.TestCase21_UsedCarOption" tests="1" failures="0" timestamp="24 Mar 2018 02:19:10 GMT" time="25.578" errors="0">
  <testcase name="setUp" time="25.578" classname="com.tests.TestCase21_UsedCarOption"/>
</testsuite> <!-- com.tests.TestCase21_UsedCarOption -->
