<?xml version="1.0" encoding="UTF-8"?>
<!-- Generated by org.testng.reporters.JUnitReportReporter -->
<testsuite skipped="0" hostname="mohammad-PC" name="com.tests.TestCase1_2_NewAndUsedCarPrices" tests="1" failures="0" timestamp="19 Mar 2018 20:06:26 GMT" time="57.309" errors="0">
  <testcase name="test" time="57.309" classname="com.tests.TestCase1_2_NewAndUsedCarPrices"/>
</testsuite> <!-- com.tests.TestCase1_2_NewAndUsedCarPrices -->
